INFO:root:2023-11-20 18:39:25.946412: Игра началась с N=7 and k=3
INFO:root:2023-11-20 18:39:25.946412: Загаданное число 2
INFO:root:2023-11-20 18:39:32.393235: Пользователь выбрал 4
INFO:root:2023-11-20 18:39:32.394235: Загаданное число меньше
INFO:root:2023-11-20 18:39:34.562020: Пользователь выбрал 3
INFO:root:2023-11-20 18:39:34.563020: Загаданное число меньше
INFO:root:2023-11-20 18:39:35.706227: Пользователь выбрал 2
INFO:root:2023-11-20 18:39:35.706227: Пользователь угадал число
INFO:root:2023-11-20 18:40:12.154032: Игра началась с N=10 and k=5
INFO:root:2023-11-20 18:40:12.155556: Загаданное число 3
INFO:root:2023-11-20 18:40:13.442440: Пользователь выбрал 5
INFO:root:2023-11-20 18:40:13.442440: Загаданное число меньше
INFO:root:2023-11-20 18:40:15.361931: Пользователь выбрал 3
INFO:root:2023-11-20 18:40:15.361931: Пользователь угадал число
INFO:root:2023-11-20 18:48:01.256515: Игра началась с N=10 and k=5
INFO:root:2023-11-20 18:48:01.256515: Загаданное число 2
INFO:root:2023-11-20 18:48:02.057987: Пользователь выбрал 1
INFO:root:2023-11-20 18:48:02.057987: Загаданное число больше
INFO:root:2023-11-20 18:48:02.656945: Пользователь выбрал 2
INFO:root:2023-11-20 18:48:02.657945: Пользователь угадал число
INFO:root:2023-11-20 18:48:08.449777: Игра началась с N=10 and k=5
INFO:root:2023-11-20 18:48:08.449777: Загаданное число 9
INFO:root:2023-11-20 18:48:09.369705: Пользователь выбрал 1
INFO:root:2023-11-20 18:48:09.369705: Загаданное число больше
INFO:root:2023-11-20 18:48:10.248812: Пользователь выбрал 2
INFO:root:2023-11-20 18:48:10.249813: Загаданное число больше
INFO:root:2023-11-20 18:48:10.921323: Пользователь выбрал 3
INFO:root:2023-11-20 18:48:10.921323: Загаданное число больше
INFO:root:2023-11-20 18:48:11.552916: Пользователь выбрал 4
INFO:root:2023-11-20 18:48:11.552916: Загаданное число больше
INFO:root:2023-11-20 18:48:12.105302: Пользователь выбрал 5
INFO:root:2023-11-20 18:48:12.105302: Загаданное число больше
INFO:root:2023-11-20 18:48:12.105302: Попытки закончились
